2025-11-30 03:56:07,032 - INFO - Limpando arquivos antigos em /home/runner/work/josieljefferson.github.io.m3u/josieljefferson.github.io.m3u...
2025-11-30 03:56:07,032 - INFO - Iniciando downloads...
2025-11-30 03:56:07,033 - INFO - Tentativa 1 de 3: Baixando de: http://m3u4u.com/m3u/3wk1y24kx7uzdevxygz7
2025-11-30 03:56:07,033 - INFO - Tentativa 1 de 3: Baixando de: http://m3u4u.com/m3u/782dyqdrqkh1xegen4zp
2025-11-30 03:56:07,034 - INFO - Tentativa 1 de 3: Baixando de: http://m3u4u.com/m3u/jq2zy9epr3bwxmgwyxr5
2025-11-30 03:56:07,036 - INFO - Tentativa 1 de 3: Baixando de: https://gitlab.com/josieljefferson12/playlists/-/raw/main/PiauiTV.m3u
2025-11-30 03:56:07,037 - INFO - Tentativa 1 de 3: Baixando de: https://gitlab.com/josieljefferson12/playlists/-/raw/main/m3u4u_proton.me.m3u
2025-11-30 03:56:07,397 - INFO - Download concluído: /home/runner/work/josieljefferson.github.io.m3u/josieljefferson.github.io.m3u/PiauiTV.m3u (76851 bytes)
2025-11-30 03:56:07,397 - INFO - Hash MD5 do arquivo: ed19d1bee8112f753504aab432876025
2025-11-30 03:56:07,397 - INFO - Tentativa 1 de 3: Baixando de: https://gitlab.com/josieljefferson12/playlists/-/raw/main/playlist.m3u
2025-11-30 03:56:07,477 - INFO - Download concluído: /home/runner/work/josieljefferson.github.io.m3u/josieljefferson.github.io.m3u/m3u@proton.me.m3u (4700379 bytes)
2025-11-30 03:56:07,486 - INFO - Hash MD5 do arquivo: 17e34181bba3a93ed726df4bc76b9a9c
2025-11-30 03:56:07,487 - INFO - Tentativa 1 de 3: Baixando de: https://gitlab.com/josielluz/playlists/-/raw/main/playlists.m3u
2025-11-30 03:56:07,670 - INFO - Download concluído: /home/runner/work/josieljefferson.github.io.m3u/josieljefferson.github.io.m3u/playlists.m3u (107555 bytes)
2025-11-30 03:56:07,670 - INFO - Hash MD5 do arquivo: 3114d823758c4d5391acd0714d83bb8c
2025-11-30 03:56:07,671 - INFO - Tentativa 1 de 3: Baixando de: https://gitlab.com/josieljefferson12/playlists/-/raw/main/pornstars.m3u
2025-11-30 03:56:07,828 - INFO - Download concluído: /home/runner/work/josieljefferson.github.io.m3u/josieljefferson.github.io.m3u/playlist.m3u (8080 bytes)
2025-11-30 03:56:07,828 - INFO - Hash MD5 do arquivo: 5e4f576e8ce1ee516c916d59ed08a851
2025-11-30 03:56:07,829 - INFO - Tentativa 1 de 3: Baixando de: http://m3u4u.com/epg/3wk1y24kx7uzdevxygz7
2025-11-30 03:56:07,980 - INFO - Download concluído: /home/runner/work/josieljefferson.github.io.m3u/josieljefferson.github.io.m3u/pornstars.m3u (100426 bytes)
2025-11-30 03:56:07,980 - INFO - Hash MD5 do arquivo: ed9b31dbe857f86e7df7a0a4e4ecd448
2025-11-30 03:56:07,980 - INFO - Tentativa 1 de 3: Baixando de: http://m3u4u.com/epg/782dyqdrqkh1xegen4zp
2025-11-30 03:56:08,131 - INFO - Download concluído: /home/runner/work/josieljefferson.github.io.m3u/josieljefferson.github.io.m3u/epgbrasil.m3u (639011 bytes)
2025-11-30 03:56:08,132 - INFO - Hash MD5 do arquivo: b45a4ecb7e9e16b774d737233baa4560
2025-11-30 03:56:08,132 - INFO - Tentativa 1 de 3: Baixando de: http://m3u4u.com/epg/jq2zy9epr3bwxmgwyxr5
2025-11-30 03:56:08,301 - INFO - Download concluído: /home/runner/work/josieljefferson.github.io.m3u/josieljefferson.github.io.m3u/epgportugal.m3u (2262348 bytes)
2025-11-30 03:56:08,304 - INFO - Hash MD5 do arquivo: fce788edd736f5407b18f61966f41949
2025-11-30 03:56:08,317 - INFO - Download concluído: /home/runner/work/josieljefferson.github.io.m3u/josieljefferson.github.io.m3u/epgbrasilportugal.m3u (6833 bytes)
2025-11-30 03:56:08,317 - INFO - Hash MD5 do arquivo: 2b8d239a20f299fbb89cf6cc8933170f
2025-11-30 03:56:09,040 - INFO - Download concluído: /home/runner/work/josieljefferson.github.io.m3u/josieljefferson.github.io.m3u/epgbrasil.xml.gz (895624 bytes)
2025-11-30 03:56:09,041 - INFO - Hash MD5 do arquivo: f0d4dda601e3c88ac55a1a98d6d7c674
2025-11-30 03:56:09,266 - INFO - Download concluído: /home/runner/work/josieljefferson.github.io.m3u/josieljefferson.github.io.m3u/epgportugal.xml.gz (2152338 bytes)
2025-11-30 03:56:09,269 - INFO - Hash MD5 do arquivo: 16acc430ef07a07447b1083508103a07
2025-11-30 03:56:09,363 - INFO - Download concluído: /home/runner/work/josieljefferson.github.io.m3u/josieljefferson.github.io.m3u/epgbrasilportugal.xml.gz (128517 bytes)
2025-11-30 03:56:09,363 - INFO - Hash MD5 do arquivo: 2f0bcdfc31b2b364dec228f74932db05
2025-11-30 03:56:09,364 - INFO - Downloads concluídos. Sucessos: 11, Falhas: 0
